{"timestamp":"2025-05-24T07:54:15.052Z","level":"error","message":"(node:53225) NOTE: The AWS SDK for JavaScript (v2) is in maintenance mode.\n SDK releases are limited to address critical bug fixes and security issues only.\n\nPlease migrate your code to use AWS SDK for JavaScript (v3).\nFor more information, check the blog post at https://a.co/cUPnyil\n(Use `node --trace-warnings ...` to show where the warning was created)"}
{"timestamp":"2025-05-24T07:54:15.058Z","level":"error","message":"Error connecting to PostgreSQL database:","code":"ECONNREFUSED"}
{"timestamp":"2025-05-24T07:54:15.474Z","level":"error","message":"Migration createUserInterestsTable.sql failed:","errno":-2,"code":"ENOENT","syscall":"open","path":"/Users/adarshsuradkar/Documents/new/universalcirclebackend/src/database/migrations/createUserInterestsTable.sql"}
{"timestamp":"2025-05-24T07:54:15.474Z","level":"error","message":"Migration process failed:","errno":-2,"code":"ENOENT","syscall":"open","path":"/Users/adarshsuradkar/Documents/new/universalcirclebackend/src/database/migrations/createUserInterestsTable.sql"}
{"timestamp":"2025-05-24T08:20:30.166Z","level":"error","message":"(node:57056) NOTE: The AWS SDK for JavaScript (v2) is in maintenance mode.\n SDK releases are limited to address critical bug fixes and security issues only.\n\nPlease migrate your code to use AWS SDK for JavaScript (v3).\nFor more information, check the blog post at https://a.co/cUPnyil\n(Use `node --trace-warnings ...` to show where the warning was created)"}
{"timestamp":"2025-05-24T08:20:30.171Z","level":"error","message":"Error connecting to PostgreSQL database:","code":"ECONNREFUSED"}
{"timestamp":"2025-05-24T08:20:30.333Z","level":"error","message":"Migration createUserInterestsTable.sql failed:","errno":-2,"code":"ENOENT","syscall":"open","path":"/Users/adarshsuradkar/Documents/new/universalcirclebackend/src/database/migrations/createUserInterestsTable.sql"}
{"timestamp":"2025-05-24T08:20:30.333Z","level":"error","message":"Migration process failed:","errno":-2,"code":"ENOENT","syscall":"open","path":"/Users/adarshsuradkar/Documents/new/universalcirclebackend/src/database/migrations/createUserInterestsTable.sql"}
{"timestamp":"2025-05-24T08:34:35.179Z","level":"error","message":"(node:59478) NOTE: The AWS SDK for JavaScript (v2) is in maintenance mode.\n SDK releases are limited to address critical bug fixes and security issues only.\n\nPlease migrate your code to use AWS SDK for JavaScript (v3).\nFor more information, check the blog post at https://a.co/cUPnyil\n(Use `node --trace-warnings ...` to show where the warning was created)"}
{"timestamp":"2025-05-24T08:34:35.185Z","level":"error","message":"Error connecting to PostgreSQL database:","code":"ECONNREFUSED"}
{"timestamp":"2025-05-24T08:34:35.638Z","level":"error","message":"Migration createUserInterestsTable.sql failed:","errno":-2,"code":"ENOENT","syscall":"open","path":"/Users/adarshsuradkar/Documents/new/universalcirclebackend/src/database/migrations/createUserInterestsTable.sql"}
{"timestamp":"2025-05-24T08:34:35.638Z","level":"error","message":"Migration process failed:","errno":-2,"code":"ENOENT","syscall":"open","path":"/Users/adarshsuradkar/Documents/new/universalcirclebackend/src/database/migrations/createUserInterestsTable.sql"}
{"timestamp":"2025-05-24T10:32:08.522Z","level":"error","message":"(node:81111) NOTE: The AWS SDK for JavaScript (v2) is in maintenance mode.\n SDK releases are limited to address critical bug fixes and security issues only.\n\nPlease migrate your code to use AWS SDK for JavaScript (v3).\nFor more information, check the blog post at https://a.co/cUPnyil\n(Use `node --trace-warnings ...` to show where the warning was created)"}
{"timestamp":"2025-05-24T10:32:08.529Z","level":"error","message":"Error connecting to PostgreSQL database:","code":"ECONNREFUSED"}
{"timestamp":"2025-05-24T10:32:09.038Z","level":"error","message":"Migration createUserInterestsTable.sql failed:","errno":-2,"code":"ENOENT","syscall":"open","path":"/Users/adarshsuradkar/Documents/new/universalcirclebackend/src/database/migrations/createUserInterestsTable.sql"}
{"timestamp":"2025-05-24T10:32:09.038Z","level":"error","message":"Migration process failed:","errno":-2,"code":"ENOENT","syscall":"open","path":"/Users/adarshsuradkar/Documents/new/universalcirclebackend/src/database/migrations/createUserInterestsTable.sql"}
{"timestamp":"2025-05-24T15:00:47.540Z","level":"error","message":"(node:93214) NOTE: The AWS SDK for JavaScript (v2) is in maintenance mode.\n SDK releases are limited to address critical bug fixes and security issues only.\n\nPlease migrate your code to use AWS SDK for JavaScript (v3).\nFor more information, check the blog post at https://a.co/cUPnyil\n(Use `node --trace-warnings ...` to show where the warning was created)"}
{"timestamp":"2025-05-24T15:00:47.546Z","level":"error","message":"Error connecting to PostgreSQL database:","code":"ECONNREFUSED"}
{"timestamp":"2025-05-24T15:00:47.710Z","level":"error","message":"Migration createUserInterestsTable.sql failed:","errno":-2,"code":"ENOENT","syscall":"open","path":"/Users/adarshsuradkar/Documents/new/universalcirclebackend/src/database/migrations/createUserInterestsTable.sql"}
{"timestamp":"2025-05-24T15:00:47.711Z","level":"error","message":"Migration process failed:","errno":-2,"code":"ENOENT","syscall":"open","path":"/Users/adarshsuradkar/Documents/new/universalcirclebackend/src/database/migrations/createUserInterestsTable.sql"}
{"timestamp":"2025-05-24T15:00:56.694Z","level":"error","message":"TypeError: got is not a function\n    at /Users/adarshsuradkar/Documents/new/universalcirclebackend/src/routes/memeRoutes.js:9:5\n    at Layer.handle [as handle_request] (/Users/adarshsuradkar/Documents/new/universalcirclebackend/node_modules/express/lib/router/layer.js:95:5)\n    at next (/Users/adarshsuradkar/Documents/new/universalcirclebackend/node_modules/express/lib/router/route.js:149:13)\n    at Route.dispatch (/Users/adarshsuradkar/Documents/new/universalcirclebackend/node_modules/express/lib/router/route.js:119:3)\n    at Layer.handle [as handle_request] (/Users/adarshsuradkar/Documents/new/universalcirclebackend/node_modules/express/lib/router/layer.js:95:5)\n    at /Users/adarshsuradkar/Documents/new/universalcirclebackend/node_modules/express/lib/router/index.js:284:15\n    at param (/Users/adarshsuradkar/Documents/new/universalcirclebackend/node_modules/express/lib/router/index.js:365:14)\n    at param (/Users/adarshsuradkar/Documents/new/universalcirclebackend/node_modules/express/lib/router/index.js:376:14)\n    at Function.process_params (/Users/adarshsuradkar/Documents/new/universalcirclebackend/node_modules/express/lib/router/index.js:421:3)\n    at next (/Users/adarshsuradkar/Documents/new/universalcirclebackend/node_modules/express/lib/router/index.js:280:10)"}
{"timestamp":"2025-05-24T15:01:27.976Z","level":"error","message":"(node:93392) NOTE: The AWS SDK for JavaScript (v2) is in maintenance mode.\n SDK releases are limited to address critical bug fixes and security issues only.\n\nPlease migrate your code to use AWS SDK for JavaScript (v3).\nFor more information, check the blog post at https://a.co/cUPnyil\n(Use `node --trace-warnings ...` to show where the warning was created)"}
{"timestamp":"2025-05-24T15:01:27.985Z","level":"error","message":"Error connecting to PostgreSQL database:","code":"ECONNREFUSED"}
{"timestamp":"2025-05-24T15:01:28.324Z","level":"error","message":"Migration createUserInterestsTable.sql failed:","errno":-2,"code":"ENOENT","syscall":"open","path":"/Users/adarshsuradkar/Documents/new/universalcirclebackend/src/database/migrations/createUserInterestsTable.sql"}
{"timestamp":"2025-05-24T15:01:28.324Z","level":"error","message":"Migration process failed:","errno":-2,"code":"ENOENT","syscall":"open","path":"/Users/adarshsuradkar/Documents/new/universalcirclebackend/src/database/migrations/createUserInterestsTable.sql"}
{"timestamp":"2025-05-24T15:01:53.279Z","level":"error","message":"(node:93572) NOTE: The AWS SDK for JavaScript (v2) is in maintenance mode.\n SDK releases are limited to address critical bug fixes and security issues only.\n\nPlease migrate your code to use AWS SDK for JavaScript (v3).\nFor more information, check the blog post at https://a.co/cUPnyil\n(Use `node --trace-warnings ...` to show where the warning was created)"}
{"timestamp":"2025-05-24T15:01:53.284Z","level":"error","message":"Error connecting to PostgreSQL database:","code":"ECONNREFUSED"}
{"timestamp":"2025-05-24T15:01:55.265Z","level":"error","message":"Migration createUserInterestsTable.sql failed:","errno":-2,"code":"ENOENT","syscall":"open","path":"/Users/adarshsuradkar/Documents/new/universalcirclebackend/src/database/migrations/createUserInterestsTable.sql"}
{"timestamp":"2025-05-24T15:01:55.265Z","level":"error","message":"Migration process failed:","errno":-2,"code":"ENOENT","syscall":"open","path":"/Users/adarshsuradkar/Documents/new/universalcirclebackend/src/database/migrations/createUserInterestsTable.sql"}
{"timestamp":"2025-05-24T15:01:56.813Z","level":"error","message":"Error fetching random meme: got is not a function"}
{"timestamp":"2025-05-24T15:02:59.308Z","level":"error","message":"(node:93827) NOTE: The AWS SDK for JavaScript (v2) is in maintenance mode.\n SDK releases are limited to address critical bug fixes and security issues only.\n\nPlease migrate your code to use AWS SDK for JavaScript (v3).\nFor more information, check the blog post at https://a.co/cUPnyil\n(Use `node --trace-warnings ...` to show where the warning was created)"}
{"timestamp":"2025-05-24T15:02:59.321Z","level":"error","message":"Error connecting to PostgreSQL database:","code":"ECONNREFUSED"}
{"timestamp":"2025-05-24T15:03:00.097Z","level":"error","message":"Migration createUserInterestsTable.sql failed:","errno":-2,"code":"ENOENT","syscall":"open","path":"/Users/adarshsuradkar/Documents/new/universalcirclebackend/src/database/migrations/createUserInterestsTable.sql"}
{"timestamp":"2025-05-24T15:03:00.098Z","level":"error","message":"Migration process failed:","errno":-2,"code":"ENOENT","syscall":"open","path":"/Users/adarshsuradkar/Documents/new/universalcirclebackend/src/database/migrations/createUserInterestsTable.sql"}
{"timestamp":"2025-05-24T15:03:17.540Z","level":"error","message":"Error fetching random meme: Request failed with status code 403"}
{"timestamp":"2025-05-24T15:03:50.554Z","level":"error","message":"(node:94034) NOTE: The AWS SDK for JavaScript (v2) is in maintenance mode.\n SDK releases are limited to address critical bug fixes and security issues only.\n\nPlease migrate your code to use AWS SDK for JavaScript (v3).\nFor more information, check the blog post at https://a.co/cUPnyil\n(Use `node --trace-warnings ...` to show where the warning was created)"}
{"timestamp":"2025-05-24T15:03:50.560Z","level":"error","message":"Error connecting to PostgreSQL database:","code":"ECONNREFUSED"}
{"timestamp":"2025-05-24T15:03:51.144Z","level":"error","message":"Migration createUserInterestsTable.sql failed:","errno":-2,"code":"ENOENT","syscall":"open","path":"/Users/adarshsuradkar/Documents/new/universalcirclebackend/src/database/migrations/createUserInterestsTable.sql"}
{"timestamp":"2025-05-24T15:03:51.144Z","level":"error","message":"Migration process failed:","errno":-2,"code":"ENOENT","syscall":"open","path":"/Users/adarshsuradkar/Documents/new/universalcirclebackend/src/database/migrations/createUserInterestsTable.sql"}
{"timestamp":"2025-05-24T15:04:06.265Z","level":"error","message":"(node:94125) NOTE: The AWS SDK for JavaScript (v2) is in maintenance mode.\n SDK releases are limited to address critical bug fixes and security issues only.\n\nPlease migrate your code to use AWS SDK for JavaScript (v3).\nFor more information, check the blog post at https://a.co/cUPnyil\n(Use `node --trace-warnings ...` to show where the warning was created)"}
{"timestamp":"2025-05-24T15:04:06.270Z","level":"error","message":"Error connecting to PostgreSQL database:","code":"ECONNREFUSED"}
{"timestamp":"2025-05-24T15:04:10.156Z","level":"error","message":"Migration createUserInterestsTable.sql failed:","errno":-2,"code":"ENOENT","syscall":"open","path":"/Users/adarshsuradkar/Documents/new/universalcirclebackend/src/database/migrations/createUserInterestsTable.sql"}
{"timestamp":"2025-05-24T15:04:10.157Z","level":"error","message":"Migration process failed:","errno":-2,"code":"ENOENT","syscall":"open","path":"/Users/adarshsuradkar/Documents/new/universalcirclebackend/src/database/migrations/createUserInterestsTable.sql"}
{"timestamp":"2025-05-24T15:04:23.329Z","level":"error","message":"(node:94233) NOTE: The AWS SDK for JavaScript (v2) is in maintenance mode.\n SDK releases are limited to address critical bug fixes and security issues only.\n\nPlease migrate your code to use AWS SDK for JavaScript (v3).\nFor more information, check the blog post at https://a.co/cUPnyil\n(Use `node --trace-warnings ...` to show where the warning was created)"}
{"timestamp":"2025-05-24T15:04:23.334Z","level":"error","message":"Error connecting to PostgreSQL database:","code":"ECONNREFUSED"}
{"timestamp":"2025-05-24T15:04:23.662Z","level":"error","message":"Migration createUserInterestsTable.sql failed:","errno":-2,"code":"ENOENT","syscall":"open","path":"/Users/adarshsuradkar/Documents/new/universalcirclebackend/src/database/migrations/createUserInterestsTable.sql"}
{"timestamp":"2025-05-24T15:04:23.662Z","level":"error","message":"Migration process failed:","errno":-2,"code":"ENOENT","syscall":"open","path":"/Users/adarshsuradkar/Documents/new/universalcirclebackend/src/database/migrations/createUserInterestsTable.sql"}
{"timestamp":"2025-05-24T15:24:22.389Z","level":"error","message":"(node:97807) NOTE: The AWS SDK for JavaScript (v2) is in maintenance mode.\n SDK releases are limited to address critical bug fixes and security issues only.\n\nPlease migrate your code to use AWS SDK for JavaScript (v3).\nFor more information, check the blog post at https://a.co/cUPnyil\n(Use `node --trace-warnings ...` to show where the warning was created)"}
{"timestamp":"2025-05-24T15:24:22.395Z","level":"error","message":"Error connecting to PostgreSQL database:","code":"ECONNREFUSED"}
{"timestamp":"2025-05-24T15:24:22.921Z","level":"error","message":"Migration createUserInterestsTable.sql failed:","errno":-2,"code":"ENOENT","syscall":"open","path":"/Users/adarshsuradkar/Documents/new/universalcirclebackend/src/database/migrations/createUserInterestsTable.sql"}
{"timestamp":"2025-05-24T15:24:22.921Z","level":"error","message":"Migration process failed:","errno":-2,"code":"ENOENT","syscall":"open","path":"/Users/adarshsuradkar/Documents/new/universalcirclebackend/src/database/migrations/createUserInterestsTable.sql"}
{"timestamp":"2025-05-24T15:30:00.452Z","level":"error","message":"Error finding expiring streaks: column conversation_streaks.current_streak does not exist"}
{"timestamp":"2025-05-24T15:33:31.012Z","level":"error","message":"(node:99747) NOTE: The AWS SDK for JavaScript (v2) is in maintenance mode.\n SDK releases are limited to address critical bug fixes and security issues only.\n\nPlease migrate your code to use AWS SDK for JavaScript (v3).\nFor more information, check the blog post at https://a.co/cUPnyil\n(Use `node --trace-warnings ...` to show where the warning was created)"}
{"timestamp":"2025-05-24T15:33:31.022Z","level":"error","message":"Error connecting to PostgreSQL database:","code":"ECONNREFUSED"}
{"timestamp":"2025-05-24T15:33:31.595Z","level":"error","message":"Migration createUserInterestsTable.sql failed:","errno":-2,"code":"ENOENT","syscall":"open","path":"/Users/adarshsuradkar/Documents/new/universalcirclebackend/src/database/migrations/createUserInterestsTable.sql"}
{"timestamp":"2025-05-24T15:33:31.595Z","level":"error","message":"Migration process failed:","errno":-2,"code":"ENOENT","syscall":"open","path":"/Users/adarshsuradkar/Documents/new/universalcirclebackend/src/database/migrations/createUserInterestsTable.sql"}
{"timestamp":"2025-05-24T15:33:33.787Z","level":"error","message":"(node:99803) NOTE: The AWS SDK for JavaScript (v2) is in maintenance mode.\n SDK releases are limited to address critical bug fixes and security issues only.\n\nPlease migrate your code to use AWS SDK for JavaScript (v3).\nFor more information, check the blog post at https://a.co/cUPnyil\n(Use `node --trace-warnings ...` to show where the warning was created)"}
{"timestamp":"2025-05-24T15:33:33.789Z","level":"error","message":"Error connecting to PostgreSQL database:","code":"ECONNREFUSED"}
{"timestamp":"2025-05-24T15:33:34.174Z","level":"error","message":"Migration createUserInterestsTable.sql failed:","errno":-2,"code":"ENOENT","syscall":"open","path":"/Users/adarshsuradkar/Documents/new/universalcirclebackend/src/database/migrations/createUserInterestsTable.sql"}
{"timestamp":"2025-05-24T15:33:34.174Z","level":"error","message":"Migration process failed:","errno":-2,"code":"ENOENT","syscall":"open","path":"/Users/adarshsuradkar/Documents/new/universalcirclebackend/src/database/migrations/createUserInterestsTable.sql"}
{"timestamp":"2025-05-24T15:33:49.407Z","level":"error","message":"(node:99891) NOTE: The AWS SDK for JavaScript (v2) is in maintenance mode.\n SDK releases are limited to address critical bug fixes and security issues only.\n\nPlease migrate your code to use AWS SDK for JavaScript (v3).\nFor more information, check the blog post at https://a.co/cUPnyil\n(Use `node --trace-warnings ...` to show where the warning was created)"}
{"timestamp":"2025-05-24T15:33:49.416Z","level":"error","message":"Error connecting to PostgreSQL database:","code":"ECONNREFUSED"}
{"timestamp":"2025-05-24T15:33:49.526Z","level":"error","message":"Migration createUserInterestsTable.sql failed:","errno":-2,"code":"ENOENT","syscall":"open","path":"/Users/adarshsuradkar/Documents/new/universalcirclebackend/src/database/migrations/createUserInterestsTable.sql"}
{"timestamp":"2025-05-24T15:33:49.526Z","level":"error","message":"Migration process failed:","errno":-2,"code":"ENOENT","syscall":"open","path":"/Users/adarshsuradkar/Documents/new/universalcirclebackend/src/database/migrations/createUserInterestsTable.sql"}
{"timestamp":"2025-05-24T15:33:54.622Z","level":"error","message":"(node:99952) NOTE: The AWS SDK for JavaScript (v2) is in maintenance mode.\n SDK releases are limited to address critical bug fixes and security issues only.\n\nPlease migrate your code to use AWS SDK for JavaScript (v3).\nFor more information, check the blog post at https://a.co/cUPnyil\n(Use `node --trace-warnings ...` to show where the warning was created)"}
{"timestamp":"2025-05-24T15:33:54.628Z","level":"error","message":"Error connecting to PostgreSQL database:","code":"ECONNREFUSED"}
{"timestamp":"2025-05-24T15:33:54.765Z","level":"error","message":"Migration createUserInterestsTable.sql failed:","errno":-2,"code":"ENOENT","syscall":"open","path":"/Users/adarshsuradkar/Documents/new/universalcirclebackend/src/database/migrations/createUserInterestsTable.sql"}
{"timestamp":"2025-05-24T15:33:54.765Z","level":"error","message":"Migration process failed:","errno":-2,"code":"ENOENT","syscall":"open","path":"/Users/adarshsuradkar/Documents/new/universalcirclebackend/src/database/migrations/createUserInterestsTable.sql"}
{"timestamp":"2025-05-24T15:34:20.524Z","level":"error","message":"(node:179) NOTE: The AWS SDK for JavaScript (v2) is in maintenance mode.\n SDK releases are limited to address critical bug fixes and security issues only.\n\nPlease migrate your code to use AWS SDK for JavaScript (v3).\nFor more information, check the blog post at https://a.co/cUPnyil\n(Use `node --trace-warnings ...` to show where the warning was created)"}
{"timestamp":"2025-05-24T15:34:20.530Z","level":"error","message":"Error connecting to PostgreSQL database:","code":"ECONNREFUSED"}
{"timestamp":"2025-05-24T15:34:20.657Z","level":"error","message":"Migration createUserInterestsTable.sql failed:","errno":-2,"code":"ENOENT","syscall":"open","path":"/Users/adarshsuradkar/Documents/new/universalcirclebackend/src/database/migrations/createUserInterestsTable.sql"}
{"timestamp":"2025-05-24T15:34:20.657Z","level":"error","message":"Migration process failed:","errno":-2,"code":"ENOENT","syscall":"open","path":"/Users/adarshsuradkar/Documents/new/universalcirclebackend/src/database/migrations/createUserInterestsTable.sql"}
{"timestamp":"2025-05-24T15:34:29.270Z","level":"error","message":"(node:249) NOTE: The AWS SDK for JavaScript (v2) is in maintenance mode.\n SDK releases are limited to address critical bug fixes and security issues only.\n\nPlease migrate your code to use AWS SDK for JavaScript (v3).\nFor more information, check the blog post at https://a.co/cUPnyil\n(Use `node --trace-warnings ...` to show where the warning was created)"}
{"timestamp":"2025-05-24T15:34:29.281Z","level":"error","message":"Error connecting to PostgreSQL database:","code":"ECONNREFUSED"}
{"timestamp":"2025-05-24T15:34:29.425Z","level":"error","message":"Migration createUserInterestsTable.sql failed:","errno":-2,"code":"ENOENT","syscall":"open","path":"/Users/adarshsuradkar/Documents/new/universalcirclebackend/src/database/migrations/createUserInterestsTable.sql"}
{"timestamp":"2025-05-24T15:34:29.425Z","level":"error","message":"Migration process failed:","errno":-2,"code":"ENOENT","syscall":"open","path":"/Users/adarshsuradkar/Documents/new/universalcirclebackend/src/database/migrations/createUserInterestsTable.sql"}
{"timestamp":"2025-05-24T15:35:01.338Z","level":"error","message":"(node:458) NOTE: The AWS SDK for JavaScript (v2) is in maintenance mode.\n SDK releases are limited to address critical bug fixes and security issues only.\n\nPlease migrate your code to use AWS SDK for JavaScript (v3).\nFor more information, check the blog post at https://a.co/cUPnyil\n(Use `node --trace-warnings ...` to show where the warning was created)"}
{"timestamp":"2025-05-24T15:35:01.348Z","level":"error","message":"Error connecting to PostgreSQL database:","code":"ECONNREFUSED"}
{"timestamp":"2025-05-24T15:35:01.774Z","level":"error","message":"Migration createUserInterestsTable.sql failed:","errno":-2,"code":"ENOENT","syscall":"open","path":"/Users/adarshsuradkar/Documents/new/universalcirclebackend/src/database/migrations/createUserInterestsTable.sql"}
{"timestamp":"2025-05-24T15:35:01.774Z","level":"error","message":"Migration process failed:","errno":-2,"code":"ENOENT","syscall":"open","path":"/Users/adarshsuradkar/Documents/new/universalcirclebackend/src/database/migrations/createUserInterestsTable.sql"}
{"timestamp":"2025-05-24T15:35:22.505Z","level":"error","message":"(node:605) NOTE: The AWS SDK for JavaScript (v2) is in maintenance mode.\n SDK releases are limited to address critical bug fixes and security issues only.\n\nPlease migrate your code to use AWS SDK for JavaScript (v3).\nFor more information, check the blog post at https://a.co/cUPnyil\n(Use `node --trace-warnings ...` to show where the warning was created)"}
{"timestamp":"2025-05-24T15:35:22.514Z","level":"error","message":"Error connecting to PostgreSQL database:","code":"ECONNREFUSED"}
{"timestamp":"2025-05-24T15:35:23.022Z","level":"error","message":"Migration createUserInterestsTable.sql failed:","errno":-2,"code":"ENOENT","syscall":"open","path":"/Users/adarshsuradkar/Documents/new/universalcirclebackend/src/database/migrations/createUserInterestsTable.sql"}
{"timestamp":"2025-05-24T15:35:23.022Z","level":"error","message":"Migration process failed:","errno":-2,"code":"ENOENT","syscall":"open","path":"/Users/adarshsuradkar/Documents/new/universalcirclebackend/src/database/migrations/createUserInterestsTable.sql"}
{"timestamp":"2025-05-24T15:35:26.151Z","level":"error","message":"(node:691) NOTE: The AWS SDK for JavaScript (v2) is in maintenance mode.\n SDK releases are limited to address critical bug fixes and security issues only.\n\nPlease migrate your code to use AWS SDK for JavaScript (v3).\nFor more information, check the blog post at https://a.co/cUPnyil\n(Use `node --trace-warnings ...` to show where the warning was created)"}
{"timestamp":"2025-05-24T15:35:26.156Z","level":"error","message":"Error connecting to PostgreSQL database:","code":"ECONNREFUSED"}
{"timestamp":"2025-05-24T15:35:26.267Z","level":"error","message":"Migration createUserInterestsTable.sql failed:","errno":-2,"code":"ENOENT","syscall":"open","path":"/Users/adarshsuradkar/Documents/new/universalcirclebackend/src/database/migrations/createUserInterestsTable.sql"}
{"timestamp":"2025-05-24T15:35:26.267Z","level":"error","message":"Migration process failed:","errno":-2,"code":"ENOENT","syscall":"open","path":"/Users/adarshsuradkar/Documents/new/universalcirclebackend/src/database/migrations/createUserInterestsTable.sql"}
{"timestamp":"2025-05-24T15:35:39.304Z","level":"error","message":"(node:812) NOTE: The AWS SDK for JavaScript (v2) is in maintenance mode.\n SDK releases are limited to address critical bug fixes and security issues only.\n\nPlease migrate your code to use AWS SDK for JavaScript (v3).\nFor more information, check the blog post at https://a.co/cUPnyil\n(Use `node --trace-warnings ...` to show where the warning was created)"}
{"timestamp":"2025-05-24T15:35:39.309Z","level":"error","message":"Error connecting to PostgreSQL database:","code":"ECONNREFUSED"}
{"timestamp":"2025-05-24T15:35:39.682Z","level":"error","message":"Migration createUserInterestsTable.sql failed:","errno":-2,"code":"ENOENT","syscall":"open","path":"/Users/adarshsuradkar/Documents/new/universalcirclebackend/src/database/migrations/createUserInterestsTable.sql"}
{"timestamp":"2025-05-24T15:35:39.682Z","level":"error","message":"Migration process failed:","errno":-2,"code":"ENOENT","syscall":"open","path":"/Users/adarshsuradkar/Documents/new/universalcirclebackend/src/database/migrations/createUserInterestsTable.sql"}
{"timestamp":"2025-05-24T15:36:07.225Z","level":"error","message":"(node:958) NOTE: The AWS SDK for JavaScript (v2) is in maintenance mode.\n SDK releases are limited to address critical bug fixes and security issues only.\n\nPlease migrate your code to use AWS SDK for JavaScript (v3).\nFor more information, check the blog post at https://a.co/cUPnyil\n(Use `node --trace-warnings ...` to show where the warning was created)"}
{"timestamp":"2025-05-24T15:36:07.232Z","level":"error","message":"Error connecting to PostgreSQL database:","code":"ECONNREFUSED"}
{"timestamp":"2025-05-24T15:36:07.353Z","level":"error","message":"Migration createUserInterestsTable.sql failed:","errno":-2,"code":"ENOENT","syscall":"open","path":"/Users/adarshsuradkar/Documents/new/universalcirclebackend/src/database/migrations/createUserInterestsTable.sql"}
{"timestamp":"2025-05-24T15:36:07.353Z","level":"error","message":"Migration process failed:","errno":-2,"code":"ENOENT","syscall":"open","path":"/Users/adarshsuradkar/Documents/new/universalcirclebackend/src/database/migrations/createUserInterestsTable.sql"}
{"timestamp":"2025-05-24T15:36:12.166Z","level":"error","message":"(node:1017) NOTE: The AWS SDK for JavaScript (v2) is in maintenance mode.\n SDK releases are limited to address critical bug fixes and security issues only.\n\nPlease migrate your code to use AWS SDK for JavaScript (v3).\nFor more information, check the blog post at https://a.co/cUPnyil\n(Use `node --trace-warnings ...` to show where the warning was created)"}
{"timestamp":"2025-05-24T15:36:12.172Z","level":"error","message":"Error connecting to PostgreSQL database:","code":"ECONNREFUSED"}
{"timestamp":"2025-05-24T15:36:12.586Z","level":"error","message":"Migration createUserInterestsTable.sql failed:","errno":-2,"code":"ENOENT","syscall":"open","path":"/Users/adarshsuradkar/Documents/new/universalcirclebackend/src/database/migrations/createUserInterestsTable.sql"}
{"timestamp":"2025-05-24T15:36:12.586Z","level":"error","message":"Migration process failed:","errno":-2,"code":"ENOENT","syscall":"open","path":"/Users/adarshsuradkar/Documents/new/universalcirclebackend/src/database/migrations/createUserInterestsTable.sql"}
{"timestamp":"2025-05-24T15:36:18.807Z","level":"error","message":"insert or update on table \"api_keys\" violates foreign key constraint \"api_keys_user_id_fkey\"","code":"23503","details":"Key (user_id)=(00000000-0000-0000-0000-000000000001) is not present in table \"users\".","hint":null}
{"timestamp":"2025-05-24T15:36:43.365Z","level":"error","message":"(node:1176) NOTE: The AWS SDK for JavaScript (v2) is in maintenance mode.\n SDK releases are limited to address critical bug fixes and security issues only.\n\nPlease migrate your code to use AWS SDK for JavaScript (v3).\nFor more information, check the blog post at https://a.co/cUPnyil\n(Use `node --trace-warnings ...` to show where the warning was created)"}
{"timestamp":"2025-05-24T15:36:43.377Z","level":"error","message":"Error connecting to PostgreSQL database:","code":"ECONNREFUSED"}
{"timestamp":"2025-05-24T15:36:43.514Z","level":"error","message":"Migration createUserInterestsTable.sql failed:","errno":-2,"code":"ENOENT","syscall":"open","path":"/Users/adarshsuradkar/Documents/new/universalcirclebackend/src/database/migrations/createUserInterestsTable.sql"}
{"timestamp":"2025-05-24T15:36:43.514Z","level":"error","message":"Migration process failed:","errno":-2,"code":"ENOENT","syscall":"open","path":"/Users/adarshsuradkar/Documents/new/universalcirclebackend/src/database/migrations/createUserInterestsTable.sql"}
{"timestamp":"2025-05-24T15:36:59.520Z","level":"error","message":"(node:1273) NOTE: The AWS SDK for JavaScript (v2) is in maintenance mode.\n SDK releases are limited to address critical bug fixes and security issues only.\n\nPlease migrate your code to use AWS SDK for JavaScript (v3).\nFor more information, check the blog post at https://a.co/cUPnyil\n(Use `node --trace-warnings ...` to show where the warning was created)"}
{"timestamp":"2025-05-24T15:36:59.534Z","level":"error","message":"Error connecting to PostgreSQL database:","code":"ECONNREFUSED"}
{"timestamp":"2025-05-24T15:37:00.033Z","level":"error","message":"Migration createUserInterestsTable.sql failed:","errno":-2,"code":"ENOENT","syscall":"open","path":"/Users/adarshsuradkar/Documents/new/universalcirclebackend/src/database/migrations/createUserInterestsTable.sql"}
{"timestamp":"2025-05-24T15:37:00.034Z","level":"error","message":"Migration process failed:","errno":-2,"code":"ENOENT","syscall":"open","path":"/Users/adarshsuradkar/Documents/new/universalcirclebackend/src/database/migrations/createUserInterestsTable.sql"}
{"timestamp":"2025-05-24T15:37:26.903Z","level":"error","message":"(node:1467) NOTE: The AWS SDK for JavaScript (v2) is in maintenance mode.\n SDK releases are limited to address critical bug fixes and security issues only.\n\nPlease migrate your code to use AWS SDK for JavaScript (v3).\nFor more information, check the blog post at https://a.co/cUPnyil\n(Use `node --trace-warnings ...` to show where the warning was created)"}
{"timestamp":"2025-05-24T15:37:26.907Z","level":"error","message":"Error connecting to PostgreSQL database:","code":"ECONNREFUSED"}
{"timestamp":"2025-05-24T15:37:27.122Z","level":"error","message":"Migration createUserInterestsTable.sql failed:","errno":-2,"code":"ENOENT","syscall":"open","path":"/Users/adarshsuradkar/Documents/new/universalcirclebackend/src/database/migrations/createUserInterestsTable.sql"}
{"timestamp":"2025-05-24T15:37:27.122Z","level":"error","message":"Migration process failed:","errno":-2,"code":"ENOENT","syscall":"open","path":"/Users/adarshsuradkar/Documents/new/universalcirclebackend/src/database/migrations/createUserInterestsTable.sql"}
{"timestamp":"2025-05-24T15:42:03.841Z","level":"error","message":"(node:2423) NOTE: The AWS SDK for JavaScript (v2) is in maintenance mode.\n SDK releases are limited to address critical bug fixes and security issues only.\n\nPlease migrate your code to use AWS SDK for JavaScript (v3).\nFor more information, check the blog post at https://a.co/cUPnyil\n(Use `node --trace-warnings ...` to show where the warning was created)"}
{"timestamp":"2025-05-24T15:42:03.847Z","level":"error","message":"Error connecting to PostgreSQL database:","code":"ECONNREFUSED"}
{"timestamp":"2025-05-24T15:42:04.853Z","level":"error","message":"Migration createUserInterestsTable.sql failed:","errno":-2,"code":"ENOENT","syscall":"open","path":"/Users/adarshsuradkar/Documents/new/universalcirclebackend/src/database/migrations/createUserInterestsTable.sql"}
{"timestamp":"2025-05-24T15:42:04.858Z","level":"error","message":"Migration process failed:","errno":-2,"code":"ENOENT","syscall":"open","path":"/Users/adarshsuradkar/Documents/new/universalcirclebackend/src/database/migrations/createUserInterestsTable.sql"}
{"timestamp":"2025-05-24T16:32:39.520Z","level":"error","message":"(node:11964) NOTE: The AWS SDK for JavaScript (v2) is in maintenance mode.\n SDK releases are limited to address critical bug fixes and security issues only.\n\nPlease migrate your code to use AWS SDK for JavaScript (v3).\nFor more information, check the blog post at https://a.co/cUPnyil\n(Use `node --trace-warnings ...` to show where the warning was created)"}
{"timestamp":"2025-05-24T16:32:39.536Z","level":"error","message":"Error connecting to PostgreSQL database:","code":"ECONNREFUSED"}
{"timestamp":"2025-05-24T16:32:40.086Z","level":"error","message":"Migration createUserInterestsTable.sql failed:","errno":-2,"code":"ENOENT","syscall":"open","path":"/Users/adarshsuradkar/Documents/new/universalcirclebackend/src/database/migrations/createUserInterestsTable.sql"}
{"timestamp":"2025-05-24T16:32:40.086Z","level":"error","message":"Migration process failed:","errno":-2,"code":"ENOENT","syscall":"open","path":"/Users/adarshsuradkar/Documents/new/universalcirclebackend/src/database/migrations/createUserInterestsTable.sql"}
{"timestamp":"2025-05-24T16:37:49.939Z","level":"error","message":"(node:13106) NOTE: The AWS SDK for JavaScript (v2) is in maintenance mode.\n SDK releases are limited to address critical bug fixes and security issues only.\n\nPlease migrate your code to use AWS SDK for JavaScript (v3).\nFor more information, check the blog post at https://a.co/cUPnyil\n(Use `node --trace-warnings ...` to show where the warning was created)"}
{"timestamp":"2025-05-24T16:37:49.945Z","level":"error","message":"Error connecting to PostgreSQL database:","code":"ECONNREFUSED"}
{"timestamp":"2025-05-24T16:37:50.460Z","level":"error","message":"Migration createUserInterestsTable.sql failed:","errno":-2,"code":"ENOENT","syscall":"open","path":"/Users/adarshsuradkar/Documents/new/universalcirclebackend/src/database/migrations/createUserInterestsTable.sql"}
{"timestamp":"2025-05-24T16:37:50.460Z","level":"error","message":"Migration process failed:","errno":-2,"code":"ENOENT","syscall":"open","path":"/Users/adarshsuradkar/Documents/new/universalcirclebackend/src/database/migrations/createUserInterestsTable.sql"}
{"timestamp":"2025-05-24T16:42:26.196Z","level":"error","message":"(node:14214) NOTE: The AWS SDK for JavaScript (v2) is in maintenance mode.\n SDK releases are limited to address critical bug fixes and security issues only.\n\nPlease migrate your code to use AWS SDK for JavaScript (v3).\nFor more information, check the blog post at https://a.co/cUPnyil\n(Use `node --trace-warnings ...` to show where the warning was created)"}
{"timestamp":"2025-05-24T16:42:26.206Z","level":"error","message":"Error connecting to PostgreSQL database:","code":"ECONNREFUSED"}
{"timestamp":"2025-05-24T16:42:26.839Z","level":"error","message":"Migration createUserInterestsTable.sql failed:","errno":-2,"code":"ENOENT","syscall":"open","path":"/Users/adarshsuradkar/Documents/new/universalcirclebackend/src/database/migrations/createUserInterestsTable.sql"}
{"timestamp":"2025-05-24T16:42:26.839Z","level":"error","message":"Migration process failed:","errno":-2,"code":"ENOENT","syscall":"open","path":"/Users/adarshsuradkar/Documents/new/universalcirclebackend/src/database/migrations/createUserInterestsTable.sql"}
{"timestamp":"2025-05-24T17:04:06.126Z","level":"error","message":"(node:18550) NOTE: The AWS SDK for JavaScript (v2) is in maintenance mode.\n SDK releases are limited to address critical bug fixes and security issues only.\n\nPlease migrate your code to use AWS SDK for JavaScript (v3).\nFor more information, check the blog post at https://a.co/cUPnyil\n(Use `node --trace-warnings ...` to show where the warning was created)"}
{"timestamp":"2025-05-24T17:04:06.159Z","level":"error","message":"Error connecting to PostgreSQL database:","code":"ECONNREFUSED"}
{"timestamp":"2025-05-24T17:04:06.695Z","level":"error","message":"Migration createUserInterestsTable.sql failed:","errno":-2,"code":"ENOENT","syscall":"open","path":"/Users/adarshsuradkar/Documents/new/universalcirclebackend/src/database/migrations/createUserInterestsTable.sql"}
{"timestamp":"2025-05-24T17:04:06.695Z","level":"error","message":"Migration process failed:","errno":-2,"code":"ENOENT","syscall":"open","path":"/Users/adarshsuradkar/Documents/new/universalcirclebackend/src/database/migrations/createUserInterestsTable.sql"}
{"timestamp":"2025-05-24T17:18:01.520Z","level":"error","message":"(node:21052) NOTE: The AWS SDK for JavaScript (v2) is in maintenance mode.\n SDK releases are limited to address critical bug fixes and security issues only.\n\nPlease migrate your code to use AWS SDK for JavaScript (v3).\nFor more information, check the blog post at https://a.co/cUPnyil\n(Use `node --trace-warnings ...` to show where the warning was created)"}
{"timestamp":"2025-05-24T17:18:01.526Z","level":"error","message":"Error connecting to PostgreSQL database:","code":"ECONNREFUSED"}
{"timestamp":"2025-05-24T17:18:01.648Z","level":"error","message":"Migration createUserInterestsTable.sql failed:","errno":-2,"code":"ENOENT","syscall":"open","path":"/Users/adarshsuradkar/Documents/new/universalcirclebackend/src/database/migrations/createUserInterestsTable.sql"}
{"timestamp":"2025-05-24T17:18:01.648Z","level":"error","message":"Migration process failed:","errno":-2,"code":"ENOENT","syscall":"open","path":"/Users/adarshsuradkar/Documents/new/universalcirclebackend/src/database/migrations/createUserInterestsTable.sql"}
{"timestamp":"2025-05-24T17:20:57.274Z","level":"error","message":"(node:21478) NOTE: The AWS SDK for JavaScript (v2) is in maintenance mode.\n SDK releases are limited to address critical bug fixes and security issues only.\n\nPlease migrate your code to use AWS SDK for JavaScript (v3).\nFor more information, check the blog post at https://a.co/cUPnyil\n(Use `node --trace-warnings ...` to show where the warning was created)"}
{"timestamp":"2025-05-24T17:20:57.281Z","level":"error","message":"Error connecting to PostgreSQL database:","code":"ECONNREFUSED"}
{"timestamp":"2025-05-24T17:20:57.482Z","level":"error","message":"Migration createUserInterestsTable.sql failed:","errno":-2,"code":"ENOENT","syscall":"open","path":"/Users/adarshsuradkar/Documents/new/universalcirclebackend/src/database/migrations/createUserInterestsTable.sql"}
{"timestamp":"2025-05-24T17:20:57.482Z","level":"error","message":"Migration process failed:","errno":-2,"code":"ENOENT","syscall":"open","path":"/Users/adarshsuradkar/Documents/new/universalcirclebackend/src/database/migrations/createUserInterestsTable.sql"}
{"timestamp":"2025-05-24T17:20:59.246Z","level":"error","message":"(node:21532) NOTE: The AWS SDK for JavaScript (v2) is in maintenance mode.\n SDK releases are limited to address critical bug fixes and security issues only.\n\nPlease migrate your code to use AWS SDK for JavaScript (v3).\nFor more information, check the blog post at https://a.co/cUPnyil\n(Use `node --trace-warnings ...` to show where the warning was created)"}
{"timestamp":"2025-05-24T17:20:59.251Z","level":"error","message":"Error connecting to PostgreSQL database:","code":"ECONNREFUSED"}
{"timestamp":"2025-05-24T17:20:59.380Z","level":"error","message":"Migration createUserInterestsTable.sql failed:","errno":-2,"code":"ENOENT","syscall":"open","path":"/Users/adarshsuradkar/Documents/new/universalcirclebackend/src/database/migrations/createUserInterestsTable.sql"}
{"timestamp":"2025-05-24T17:20:59.380Z","level":"error","message":"Migration process failed:","errno":-2,"code":"ENOENT","syscall":"open","path":"/Users/adarshsuradkar/Documents/new/universalcirclebackend/src/database/migrations/createUserInterestsTable.sql"}
{"timestamp":"2025-05-24T17:21:33.782Z","level":"error","message":"(node:21657) NOTE: The AWS SDK for JavaScript (v2) is in maintenance mode.\n SDK releases are limited to address critical bug fixes and security issues only.\n\nPlease migrate your code to use AWS SDK for JavaScript (v3).\nFor more information, check the blog post at https://a.co/cUPnyil\n(Use `node --trace-warnings ...` to show where the warning was created)"}
{"timestamp":"2025-05-24T17:21:33.797Z","level":"error","message":"Error connecting to PostgreSQL database:","code":"ECONNREFUSED"}
{"timestamp":"2025-05-24T17:21:33.934Z","level":"error","message":"Migration createUserInterestsTable.sql failed:","errno":-2,"code":"ENOENT","syscall":"open","path":"/Users/adarshsuradkar/Documents/new/universalcirclebackend/src/database/migrations/createUserInterestsTable.sql"}
{"timestamp":"2025-05-24T17:21:33.934Z","level":"error","message":"Migration process failed:","errno":-2,"code":"ENOENT","syscall":"open","path":"/Users/adarshsuradkar/Documents/new/universalcirclebackend/src/database/migrations/createUserInterestsTable.sql"}
{"timestamp":"2025-05-24T17:22:44.626Z","level":"error","message":"(node:21858) NOTE: The AWS SDK for JavaScript (v2) is in maintenance mode.\n SDK releases are limited to address critical bug fixes and security issues only.\n\nPlease migrate your code to use AWS SDK for JavaScript (v3).\nFor more information, check the blog post at https://a.co/cUPnyil\n(Use `node --trace-warnings ...` to show where the warning was created)"}
{"timestamp":"2025-05-24T17:22:44.638Z","level":"error","message":"Error connecting to PostgreSQL database:","code":"ECONNREFUSED"}
{"timestamp":"2025-05-24T17:22:44.794Z","level":"error","message":"Migration createUserInterestsTable.sql failed:","errno":-2,"code":"ENOENT","syscall":"open","path":"/Users/adarshsuradkar/Documents/new/universalcirclebackend/src/database/migrations/createUserInterestsTable.sql"}
{"timestamp":"2025-05-24T17:22:44.794Z","level":"error","message":"Migration process failed:","errno":-2,"code":"ENOENT","syscall":"open","path":"/Users/adarshsuradkar/Documents/new/universalcirclebackend/src/database/migrations/createUserInterestsTable.sql"}
{"timestamp":"2025-05-24T17:30:00.525Z","level":"error","message":"Error finding expiring streaks: column conversation_streaks.current_streak does not exist"}
{"timestamp":"2025-05-24T17:40:53.613Z","level":"error","message":"(node:24420) NOTE: The AWS SDK for JavaScript (v2) is in maintenance mode.\n SDK releases are limited to address critical bug fixes and security issues only.\n\nPlease migrate your code to use AWS SDK for JavaScript (v3).\nFor more information, check the blog post at https://a.co/cUPnyil\n(Use `node --trace-warnings ...` to show where the warning was created)"}
{"timestamp":"2025-05-24T17:40:53.619Z","level":"error","message":"Error connecting to PostgreSQL database:","code":"ECONNREFUSED"}
{"timestamp":"2025-05-24T17:40:54.121Z","level":"error","message":"Migration createUserInterestsTable.sql failed:","errno":-2,"code":"ENOENT","syscall":"open","path":"/Users/adarshsuradkar/Documents/new/universalcirclebackend/src/database/migrations/createUserInterestsTable.sql"}
{"timestamp":"2025-05-24T17:40:54.121Z","level":"error","message":"Migration process failed:","errno":-2,"code":"ENOENT","syscall":"open","path":"/Users/adarshsuradkar/Documents/new/universalcirclebackend/src/database/migrations/createUserInterestsTable.sql"}
{"timestamp":"2025-05-24T17:41:09.852Z","level":"error","message":"(node:24533) NOTE: The AWS SDK for JavaScript (v2) is in maintenance mode.\n SDK releases are limited to address critical bug fixes and security issues only.\n\nPlease migrate your code to use AWS SDK for JavaScript (v3).\nFor more information, check the blog post at https://a.co/cUPnyil\n(Use `node --trace-warnings ...` to show where the warning was created)"}
{"timestamp":"2025-05-24T17:41:09.858Z","level":"error","message":"Error connecting to PostgreSQL database:","code":"ECONNREFUSED"}
{"timestamp":"2025-05-24T17:41:10.216Z","level":"error","message":"Migration createUserInterestsTable.sql failed:","errno":-2,"code":"ENOENT","syscall":"open","path":"/Users/adarshsuradkar/Documents/new/universalcirclebackend/src/database/migrations/createUserInterestsTable.sql"}
{"timestamp":"2025-05-24T17:41:10.216Z","level":"error","message":"Migration process failed:","errno":-2,"code":"ENOENT","syscall":"open","path":"/Users/adarshsuradkar/Documents/new/universalcirclebackend/src/database/migrations/createUserInterestsTable.sql"}
{"timestamp":"2025-05-24T17:44:07.435Z","level":"error","message":"invalid signature","name":"JsonWebTokenError"}
{"timestamp":"2025-05-24T17:45:38.751Z","level":"error","message":"Error in trackApiKeyUsage:"}
{"timestamp":"2025-05-24T17:45:58.228Z","level":"error","message":"Error in trackApiKeyUsage:"}
{"timestamp":"2025-05-24T17:46:21.174Z","level":"error","message":"Error in trackApiKeyUsage:"}
{"timestamp":"2025-05-24T17:49:11.465Z","level":"error","message":"(node:25836) NOTE: The AWS SDK for JavaScript (v2) is in maintenance mode.\n SDK releases are limited to address critical bug fixes and security issues only.\n\nPlease migrate your code to use AWS SDK for JavaScript (v3).\nFor more information, check the blog post at https://a.co/cUPnyil\n(Use `node --trace-warnings ...` to show where the warning was created)"}
{"timestamp":"2025-05-24T17:49:11.471Z","level":"error","message":"Error connecting to PostgreSQL database:","code":"ECONNREFUSED"}
{"timestamp":"2025-05-24T17:49:11.849Z","level":"error","message":"Migration createUserInterestsTable.sql failed:","errno":-2,"code":"ENOENT","syscall":"open","path":"/Users/adarshsuradkar/Documents/new/universalcirclebackend/src/database/migrations/createUserInterestsTable.sql"}
{"timestamp":"2025-05-24T17:49:11.849Z","level":"error","message":"Migration process failed:","errno":-2,"code":"ENOENT","syscall":"open","path":"/Users/adarshsuradkar/Documents/new/universalcirclebackend/src/database/migrations/createUserInterestsTable.sql"}
{"timestamp":"2025-05-24T17:49:23.775Z","level":"error","message":"Error in trackApiKeyUsage:"}
