{"timestamp":"2025-05-17T14:23:09.482Z","level":"error","message":"(node:27027) NOTE: The AWS SDK for JavaScript (v2) is in maintenance mode.\n SDK releases are limited to address critical bug fixes and security issues only.\n\nPlease migrate your code to use AWS SDK for JavaScript (v3).\nFor more information, check the blog post at https://a.co/cUPnyil\n(Use `node --trace-warnings ...` to show where the warning was created)"}
{"timestamp":"2025-05-17T14:23:09.485Z","level":"error","message":"Error connecting to PostgreSQL database:","code":"ECONNREFUSED"}
{"timestamp":"2025-05-17T14:23:10.366Z","level":"error","message":"Migration process failed:"}
{"timestamp":"2025-05-17T14:28:08.723Z","level":"error","message":"(node:27375) NOTE: The AWS SDK for JavaScript (v2) is in maintenance mode.\n SDK releases are limited to address critical bug fixes and security issues only.\n\nPlease migrate your code to use AWS SDK for JavaScript (v3).\nFor more information, check the blog post at https://a.co/cUPnyil\n(Use `node --trace-warnings ...` to show where the warning was created)"}
{"timestamp":"2025-05-17T14:28:08.727Z","level":"error","message":"Error connecting to PostgreSQL database:","code":"ECONNREFUSED"}
{"timestamp":"2025-05-17T14:28:08.875Z","level":"error","message":"Migration process failed:"}
{"timestamp":"2025-05-17T14:31:09.044Z","level":"error","message":"(node:27736) NOTE: The AWS SDK for JavaScript (v2) is in maintenance mode.\n SDK releases are limited to address critical bug fixes and security issues only.\n\nPlease migrate your code to use AWS SDK for JavaScript (v3).\nFor more information, check the blog post at https://a.co/cUPnyil\n(Use `node --trace-warnings ...` to show where the warning was created)"}
{"timestamp":"2025-05-17T14:31:09.048Z","level":"error","message":"Error connecting to PostgreSQL database:","code":"ECONNREFUSED"}
{"timestamp":"2025-05-17T14:31:09.200Z","level":"error","message":"Migration process failed:"}
{"timestamp":"2025-05-17T14:37:11.536Z","level":"error","message":"(node:28330) NOTE: The AWS SDK for JavaScript (v2) is in maintenance mode.\n SDK releases are limited to address critical bug fixes and security issues only.\n\nPlease migrate your code to use AWS SDK for JavaScript (v3).\nFor more information, check the blog post at https://a.co/cUPnyil\n(Use `node --trace-warnings ...` to show where the warning was created)"}
{"timestamp":"2025-05-17T14:37:11.540Z","level":"error","message":"Error connecting to PostgreSQL database:","code":"ECONNREFUSED"}
{"timestamp":"2025-05-17T14:37:12.088Z","level":"error","message":"Migration process failed:"}
{"timestamp":"2025-05-17T14:41:00.570Z","level":"error","message":"(node:28801) NOTE: The AWS SDK for JavaScript (v2) is in maintenance mode.\n SDK releases are limited to address critical bug fixes and security issues only.\n\nPlease migrate your code to use AWS SDK for JavaScript (v3).\nFor more information, check the blog post at https://a.co/cUPnyil\n(Use `node --trace-warnings ...` to show where the warning was created)"}
{"timestamp":"2025-05-17T14:41:00.574Z","level":"error","message":"Error connecting to PostgreSQL database:","code":"ECONNREFUSED"}
{"timestamp":"2025-05-17T14:41:00.995Z","level":"error","message":"Migration process failed:"}
{"timestamp":"2025-05-17T14:41:28.215Z","level":"error","message":"Error updating user ban/suspend status: {\"code\":\"PGRST204\",\"details\":null,\"hint\":null,\"message\":\"Could not find the 'is_suspended' column of 'users' in the schema cache\"}"}
{"timestamp":"2025-05-17T14:43:20.604Z","level":"error","message":"(node:29106) NOTE: The AWS SDK for JavaScript (v2) is in maintenance mode.\n SDK releases are limited to address critical bug fixes and security issues only.\n\nPlease migrate your code to use AWS SDK for JavaScript (v3).\nFor more information, check the blog post at https://a.co/cUPnyil\n(Use `node --trace-warnings ...` to show where the warning was created)"}
{"timestamp":"2025-05-17T14:43:20.614Z","level":"error","message":"Error connecting to PostgreSQL database:","code":"ECONNREFUSED"}
{"timestamp":"2025-05-17T14:43:21.733Z","level":"error","message":"Migration process failed:"}
{"timestamp":"2025-05-17T14:43:43.088Z","level":"error","message":"Error logging admin activity: {}"}
{"timestamp":"2025-05-17T14:43:59.154Z","level":"error","message":"Error logging admin activity: {}"}
{"timestamp":"2025-05-17T15:13:58.282Z","level":"error","message":"(node:30292) NOTE: The AWS SDK for JavaScript (v2) is in maintenance mode.\n SDK releases are limited to address critical bug fixes and security issues only.\n\nPlease migrate your code to use AWS SDK for JavaScript (v3).\nFor more information, check the blog post at https://a.co/cUPnyil\n(Use `node --trace-warnings ...` to show where the warning was created)"}
{"timestamp":"2025-05-17T15:13:58.285Z","level":"error","message":"Error connecting to PostgreSQL database:","code":"ECONNREFUSED"}
{"timestamp":"2025-05-17T15:13:58.892Z","level":"error","message":"Migration process failed:"}
{"timestamp":"2025-05-17T18:37:37.094Z","level":"error","message":"(node:31261) NOTE: The AWS SDK for JavaScript (v2) is in maintenance mode.\n SDK releases are limited to address critical bug fixes and security issues only.\n\nPlease migrate your code to use AWS SDK for JavaScript (v3).\nFor more information, check the blog post at https://a.co/cUPnyil\n(Use `node --trace-warnings ...` to show where the warning was created)"}
{"timestamp":"2025-05-17T18:37:37.096Z","level":"error","message":"Error connecting to PostgreSQL database:","code":"ECONNREFUSED"}
{"timestamp":"2025-05-17T18:37:37.228Z","level":"error","message":"Migration process failed:"}
{"timestamp":"2025-05-17T18:38:43.980Z","level":"error","message":"Error logging admin activity: {}"}
{"timestamp":"2025-05-17T18:38:53.567Z","level":"error","message":"Error logging admin activity: {}"}
