{"timestamp":"2025-05-20T17:55:37.600Z","level":"error","message":"(node:3464) NOTE: The AWS SDK for JavaScript (v2) is in maintenance mode.\n SDK releases are limited to address critical bug fixes and security issues only.\n\nPlease migrate your code to use AWS SDK for JavaScript (v3).\nFor more information, check the blog post at https://a.co/cUPnyil\n(Use `node --trace-warnings ...` to show where the warning was created)"}
{"timestamp":"2025-05-20T17:55:37.603Z","level":"error","message":"Error connecting to PostgreSQL database:","code":"ECONNREFUSED"}
{"timestamp":"2025-05-20T17:55:38.098Z","level":"error","message":"Migration process failed:"}
{"timestamp":"2025-05-20T19:23:28.775Z","level":"error","message":"(node:4914) NOTE: The AWS SDK for JavaScript (v2) is in maintenance mode.\n SDK releases are limited to address critical bug fixes and security issues only.\n\nPlease migrate your code to use AWS SDK for JavaScript (v3).\nFor more information, check the blog post at https://a.co/cUPnyil\n(Use `node --trace-warnings ...` to show where the warning was created)"}
{"timestamp":"2025-05-20T19:23:28.780Z","level":"error","message":"Error connecting to PostgreSQL database:","code":"ECONNREFUSED"}
{"timestamp":"2025-05-20T19:23:29.508Z","level":"error","message":"Migration process failed:"}
{"timestamp":"2025-05-20T19:35:08.649Z","level":"error","message":"(node:5192) NOTE: The AWS SDK for JavaScript (v2) is in maintenance mode.\n SDK releases are limited to address critical bug fixes and security issues only.\n\nPlease migrate your code to use AWS SDK for JavaScript (v3).\nFor more information, check the blog post at https://a.co/cUPnyil\n(Use `node --trace-warnings ...` to show where the warning was created)"}
{"timestamp":"2025-05-20T19:35:08.652Z","level":"error","message":"Error connecting to PostgreSQL database:","code":"ECONNREFUSED"}
{"timestamp":"2025-05-20T19:35:09.186Z","level":"error","message":"Migration createUserInterestsTable.sql failed:","errno":-2,"code":"ENOENT","syscall":"open","path":"/Users/adarshsuradkar/Documents/new/universalcirclebackend/src/database/migrations/createUserInterestsTable.sql"}
{"timestamp":"2025-05-20T19:35:09.186Z","level":"error","message":"Migration process failed:","errno":-2,"code":"ENOENT","syscall":"open","path":"/Users/adarshsuradkar/Documents/new/universalcirclebackend/src/database/migrations/createUserInterestsTable.sql"}
{"timestamp":"2025-05-20T19:50:28.798Z","level":"error","message":"(node:5604) NOTE: The AWS SDK for JavaScript (v2) is in maintenance mode.\n SDK releases are limited to address critical bug fixes and security issues only.\n\nPlease migrate your code to use AWS SDK for JavaScript (v3).\nFor more information, check the blog post at https://a.co/cUPnyil\n(Use `node --trace-warnings ...` to show where the warning was created)"}
{"timestamp":"2025-05-20T19:50:28.803Z","level":"error","message":"Error connecting to PostgreSQL database:","code":"ECONNREFUSED"}
{"timestamp":"2025-05-20T19:50:29.344Z","level":"error","message":"Migration createUserInterestsTable.sql failed:","errno":-2,"code":"ENOENT","syscall":"open","path":"/Users/adarshsuradkar/Documents/new/universalcirclebackend/src/database/migrations/createUserInterestsTable.sql"}
{"timestamp":"2025-05-20T19:50:29.344Z","level":"error","message":"Migration process failed:","errno":-2,"code":"ENOENT","syscall":"open","path":"/Users/adarshsuradkar/Documents/new/universalcirclebackend/src/database/migrations/createUserInterestsTable.sql"}
{"timestamp":"2025-05-20T19:50:40.745Z","level":"error","message":"(node:5640) NOTE: The AWS SDK for JavaScript (v2) is in maintenance mode.\n SDK releases are limited to address critical bug fixes and security issues only.\n\nPlease migrate your code to use AWS SDK for JavaScript (v3).\nFor more information, check the blog post at https://a.co/cUPnyil\n(Use `node --trace-warnings ...` to show where the warning was created)"}
{"timestamp":"2025-05-20T19:50:40.748Z","level":"error","message":"Error connecting to PostgreSQL database:","code":"ECONNREFUSED"}
{"timestamp":"2025-05-20T19:50:40.861Z","level":"error","message":"Migration createUserInterestsTable.sql failed:","errno":-2,"code":"ENOENT","syscall":"open","path":"/Users/adarshsuradkar/Documents/new/universalcirclebackend/src/database/migrations/createUserInterestsTable.sql"}
{"timestamp":"2025-05-20T19:50:40.861Z","level":"error","message":"Migration process failed:","errno":-2,"code":"ENOENT","syscall":"open","path":"/Users/adarshsuradkar/Documents/new/universalcirclebackend/src/database/migrations/createUserInterestsTable.sql"}
{"timestamp":"2025-05-20T19:52:22.434Z","level":"error","message":"(node:5700) NOTE: The AWS SDK for JavaScript (v2) is in maintenance mode.\n SDK releases are limited to address critical bug fixes and security issues only.\n\nPlease migrate your code to use AWS SDK for JavaScript (v3).\nFor more information, check the blog post at https://a.co/cUPnyil\n(Use `node --trace-warnings ...` to show where the warning was created)"}
{"timestamp":"2025-05-20T19:52:22.442Z","level":"error","message":"Error connecting to PostgreSQL database:","code":"ECONNREFUSED"}
{"timestamp":"2025-05-20T19:52:23.066Z","level":"error","message":"Migration createUserInterestsTable.sql failed:","errno":-2,"code":"ENOENT","syscall":"open","path":"/Users/adarshsuradkar/Documents/new/universalcirclebackend/src/database/migrations/createUserInterestsTable.sql"}
{"timestamp":"2025-05-20T19:52:23.066Z","level":"error","message":"Migration process failed:","errno":-2,"code":"ENOENT","syscall":"open","path":"/Users/adarshsuradkar/Documents/new/universalcirclebackend/src/database/migrations/createUserInterestsTable.sql"}
{"timestamp":"2025-05-20T19:59:24.183Z","level":"error","message":"(node:5961) NOTE: The AWS SDK for JavaScript (v2) is in maintenance mode.\n SDK releases are limited to address critical bug fixes and security issues only.\n\nPlease migrate your code to use AWS SDK for JavaScript (v3).\nFor more information, check the blog post at https://a.co/cUPnyil\n(Use `node --trace-warnings ...` to show where the warning was created)"}
{"timestamp":"2025-05-20T19:59:24.191Z","level":"error","message":"Error connecting to PostgreSQL database:","code":"ECONNREFUSED"}
{"timestamp":"2025-05-20T19:59:24.632Z","level":"error","message":"Migration createUserInterestsTable.sql failed:","errno":-2,"code":"ENOENT","syscall":"open","path":"/Users/adarshsuradkar/Documents/new/universalcirclebackend/src/database/migrations/createUserInterestsTable.sql"}
{"timestamp":"2025-05-20T19:59:24.632Z","level":"error","message":"Migration process failed:","errno":-2,"code":"ENOENT","syscall":"open","path":"/Users/adarshsuradkar/Documents/new/universalcirclebackend/src/database/migrations/createUserInterestsTable.sql"}
{"timestamp":"2025-05-20T20:19:41.637Z","level":"error","message":"(node:6476) NOTE: The AWS SDK for JavaScript (v2) is in maintenance mode.\n SDK releases are limited to address critical bug fixes and security issues only.\n\nPlease migrate your code to use AWS SDK for JavaScript (v3).\nFor more information, check the blog post at https://a.co/cUPnyil\n(Use `node --trace-warnings ...` to show where the warning was created)"}
{"timestamp":"2025-05-20T20:19:41.644Z","level":"error","message":"Error connecting to PostgreSQL database:","code":"ECONNREFUSED"}
{"timestamp":"2025-05-20T20:19:41.764Z","level":"error","message":"Migration createUserInterestsTable.sql failed:","errno":-2,"code":"ENOENT","syscall":"open","path":"/Users/adarshsuradkar/Documents/new/universalcirclebackend/src/database/migrations/createUserInterestsTable.sql"}
{"timestamp":"2025-05-20T20:19:41.764Z","level":"error","message":"Migration process failed:","errno":-2,"code":"ENOENT","syscall":"open","path":"/Users/adarshsuradkar/Documents/new/universalcirclebackend/src/database/migrations/createUserInterestsTable.sql"}
{"timestamp":"2025-05-20T20:28:19.037Z","level":"error","message":"(node:6769) NOTE: The AWS SDK for JavaScript (v2) is in maintenance mode.\n SDK releases are limited to address critical bug fixes and security issues only.\n\nPlease migrate your code to use AWS SDK for JavaScript (v3).\nFor more information, check the blog post at https://a.co/cUPnyil\n(Use `node --trace-warnings ...` to show where the warning was created)"}
{"timestamp":"2025-05-20T20:28:19.043Z","level":"error","message":"Error connecting to PostgreSQL database:","code":"ECONNREFUSED"}
{"timestamp":"2025-05-20T20:28:19.731Z","level":"error","message":"Migration createUserInterestsTable.sql failed:","errno":-2,"code":"ENOENT","syscall":"open","path":"/Users/adarshsuradkar/Documents/new/universalcirclebackend/src/database/migrations/createUserInterestsTable.sql"}
{"timestamp":"2025-05-20T20:28:19.731Z","level":"error","message":"Migration process failed:","errno":-2,"code":"ENOENT","syscall":"open","path":"/Users/adarshsuradkar/Documents/new/universalcirclebackend/src/database/migrations/createUserInterestsTable.sql"}
{"timestamp":"2025-05-20T20:28:43.164Z","level":"error","message":"(node:6846) NOTE: The AWS SDK for JavaScript (v2) is in maintenance mode.\n SDK releases are limited to address critical bug fixes and security issues only.\n\nPlease migrate your code to use AWS SDK for JavaScript (v3).\nFor more information, check the blog post at https://a.co/cUPnyil\n(Use `node --trace-warnings ...` to show where the warning was created)"}
{"timestamp":"2025-05-20T20:28:43.166Z","level":"error","message":"Error connecting to PostgreSQL database:","code":"ECONNREFUSED"}
{"timestamp":"2025-05-20T20:28:43.281Z","level":"error","message":"Migration createUserInterestsTable.sql failed:","errno":-2,"code":"ENOENT","syscall":"open","path":"/Users/adarshsuradkar/Documents/new/universalcirclebackend/src/database/migrations/createUserInterestsTable.sql"}
{"timestamp":"2025-05-20T20:28:43.281Z","level":"error","message":"Migration process failed:","errno":-2,"code":"ENOENT","syscall":"open","path":"/Users/adarshsuradkar/Documents/new/universalcirclebackend/src/database/migrations/createUserInterestsTable.sql"}
